Connecting to database specified by database.yml
Connecting to database specified by database.yml
Connecting to database specified by database.yml
  [1m[36m (125.6ms)[0m  [1mCREATE TABLE `schema_migrations` (`version` varchar(255) NOT NULL) ENGINE=InnoDB[0m
  [1m[35m (220.0ms)[0m  CREATE UNIQUE INDEX `unique_schema_migrations` ON `schema_migrations` (`version`)
  [1m[36m (3.2ms)[0m  [1mSELECT `schema_migrations`.`version` FROM `schema_migrations` [0m
Connecting to database specified by database.yml


Started GET "/assets/rails.png" for 127.0.0.1 at 2013-06-08 11:18:57 +0800
Served asset /rails.png - 304 Not Modified (41ms)
Connecting to database specified by database.yml
Connecting to database specified by database.yml


Started GET "/assets/rails.png" for 127.0.0.1 at 2013-06-08 11:19:54 +0800
Served asset /rails.png - 304 Not Modified (1ms)


Started GET "/users" for 127.0.0.1 at 2013-06-08 11:19:58 +0800
Processing by UsersController#index as HTML
Mysql2::Error: Table 'cms_development.users' doesn't exist: SHOW FULL FIELDS FROM `users`
Completed 500 Internal Server Error in 283ms

ActiveRecord::StatementInvalid (Mysql2::Error: Table 'cms_development.users' doesn't exist: SHOW FULL FIELDS FROM `users`):
  app/controllers/users_controller.rb:5:in `index'


  Rendered /home/minxr/.rvm/gems/ruby-1.9.3-p392/gems/actionpack-3.2.13/lib/action_dispatch/middleware/templates/rescues/_trace.erb (1.5ms)
  Rendered /home/minxr/.rvm/gems/ruby-1.9.3-p392/gems/actionpack-3.2.13/lib/action_dispatch/middleware/templates/rescues/_request_and_response.erb (2.7ms)
  Rendered /home/minxr/.rvm/gems/ruby-1.9.3-p392/gems/actionpack-3.2.13/lib/action_dispatch/middleware/templates/rescues/diagnostics.erb within rescues/layout (70.0ms)
Connecting to database specified by database.yml
  [1m[36m (32.3ms)[0m  [1mSELECT `schema_migrations`.`version` FROM `schema_migrations` [0m
Migrating to CreateUsers (20130608031945)
  [1m[35m (410.5ms)[0m  CREATE TABLE `users` (`id` int(11) DEFAULT NULL auto_increment PRIMARY KEY, `name` varchar(255), `password` varchar(255), `created_at` datetime NOT NULL, `updated_at` datetime NOT NULL) ENGINE=InnoDB
  [1m[36m (57.0ms)[0m  [1mINSERT INTO `schema_migrations` (`version`) VALUES ('20130608031945')[0m
  [1m[35m (0.3ms)[0m  SELECT `schema_migrations`.`version` FROM `schema_migrations` 


Started GET "/users" for 127.0.0.1 at 2013-06-08 11:20:17 +0800
Processing by UsersController#index as HTML
  [1m[36mUser Load (0.3ms)[0m  [1mSELECT `users`.* FROM `users` [0m
  Rendered users/index.html.erb within layouts/application (1.0ms)
Compiled extjs4/resources/css/ext-all.css  (0ms)  (pid 18621)
Compiled application.css  (21ms)  (pid 18621)
Compiled extjs4/ext-all-debug.js  (36ms)  (pid 18621)
Compiled app.js  (0ms)  (pid 18621)
Compiled application.js  (75ms)  (pid 18621)
Completed 200 OK in 197ms (Views: 179.0ms | ActiveRecord: 2.0ms)


Started GET "/assets/extjs4/resources/css/ext-all.css?body=1" for 127.0.0.1 at 2013-06-08 11:20:17 +0800
Served asset /extjs4/resources/css/ext-all.css - 304 Not Modified (6ms)


Started GET "/assets/application.css?body=1" for 127.0.0.1 at 2013-06-08 11:20:17 +0800
Served asset /application.css - 200 OK (7ms)


Started GET "/assets/extjs4/ext-all-debug.js?body=1" for 127.0.0.1 at 2013-06-08 11:20:17 +0800
Served asset /extjs4/ext-all-debug.js - 304 Not Modified (14ms)


Started GET "/assets/app.js?body=1" for 127.0.0.1 at 2013-06-08 11:20:17 +0800
Served asset /app.js - 200 OK (2ms)


Started GET "/assets/application.js?body=1" for 127.0.0.1 at 2013-06-08 11:20:17 +0800
Served asset /application.js - 200 OK (28ms)


Started GET "/users" for 127.0.0.1 at 2013-06-08 11:21:59 +0800
Processing by UsersController#index as HTML
  [1m[35mUser Load (0.2ms)[0m  SELECT `users`.* FROM `users` 
  Rendered users/index.html.erb within layouts/application (1.2ms)
Completed 200 OK in 6ms (Views: 4.5ms | ActiveRecord: 0.2ms)


Started GET "/assets/extjs4/resources/css/ext-all.css?body=1" for 127.0.0.1 at 2013-06-08 11:21:59 +0800
Served asset /extjs4/resources/css/ext-all.css - 304 Not Modified (9ms)


Started GET "/assets/application.css?body=1" for 127.0.0.1 at 2013-06-08 11:21:59 +0800
Served asset /application.css - 304 Not Modified (2ms)


Started GET "/assets/extjs4/ext-all-debug.js?body=1" for 127.0.0.1 at 2013-06-08 11:21:59 +0800
Served asset /extjs4/ext-all-debug.js - 304 Not Modified (6ms)


Started GET "/assets/app.js?body=1" for 127.0.0.1 at 2013-06-08 11:21:59 +0800
Served asset /app.js - 304 Not Modified (0ms)


Started GET "/assets/application.js?body=1" for 127.0.0.1 at 2013-06-08 11:21:59 +0800
Served asset /application.js - 304 Not Modified (6ms)


Started GET "/assets/extjs4/resources/themes/images/default/form/exclamation.gif" for 127.0.0.1 at 2013-06-08 11:22:00 +0800
Served asset /extjs4/resources/themes/images/default/form/exclamation.gif - 304 Not Modified (6ms)


Started GET "/assets/extjs4/resources/themes/images/default/tools/tool-sprites.gif" for 127.0.0.1 at 2013-06-08 11:22:00 +0800
Served asset /extjs4/resources/themes/images/default/tools/tool-sprites.gif - 304 Not Modified (5ms)


Started GET "/assets/extjs4/resources/themes/images/default/form/text-bg.gif" for 127.0.0.1 at 2013-06-08 11:22:00 +0800
Served asset /extjs4/resources/themes/images/default/form/text-bg.gif - 304 Not Modified (3ms)


Started GET "/users" for 127.0.0.1 at 2013-06-08 11:22:02 +0800
Processing by UsersController#index as HTML
  [1m[36mUser Load (0.3ms)[0m  [1mSELECT `users`.* FROM `users` [0m
  Rendered users/index.html.erb within layouts/application (0.3ms)
Completed 200 OK in 5ms (Views: 3.6ms | ActiveRecord: 0.3ms)


Started GET "/assets/extjs4/resources/css/ext-all.css?body=1" for 127.0.0.1 at 2013-06-08 11:22:02 +0800
Served asset /extjs4/resources/css/ext-all.css - 304 Not Modified (10ms)


Started GET "/assets/application.css?body=1" for 127.0.0.1 at 2013-06-08 11:22:02 +0800
Served asset /application.css - 304 Not Modified (2ms)


Started GET "/assets/extjs4/ext-all-debug.js?body=1" for 127.0.0.1 at 2013-06-08 11:22:02 +0800
Served asset /extjs4/ext-all-debug.js - 304 Not Modified (8ms)


Started GET "/assets/app.js?body=1" for 127.0.0.1 at 2013-06-08 11:22:02 +0800
Served asset /app.js - 304 Not Modified (0ms)


Started GET "/assets/application.js?body=1" for 127.0.0.1 at 2013-06-08 11:22:02 +0800
Served asset /application.js - 304 Not Modified (9ms)
Connecting to database specified by database.yml


Started GET "/products/3/who_bought.atom" for 127.0.0.1 at 2013-06-08 12:41:11 +0800

ActionController::RoutingError (No route matches [GET] "/products/3/who_bought.atom"):
  actionpack (3.2.13) lib/action_dispatch/middleware/debug_exceptions.rb:21:in `call'
  actionpack (3.2.13) lib/action_dispatch/middleware/show_exceptions.rb:56:in `call'
  railties (3.2.13) lib/rails/rack/logger.rb:32:in `call_app'
  railties (3.2.13) lib/rails/rack/logger.rb:16:in `block in call'
  activesupport (3.2.13) lib/active_support/tagged_logging.rb:22:in `tagged'
  railties (3.2.13) lib/rails/rack/logger.rb:16:in `call'
  actionpack (3.2.13) lib/action_dispatch/middleware/request_id.rb:22:in `call'
  rack (1.4.5) lib/rack/methodoverride.rb:21:in `call'
  rack (1.4.5) lib/rack/runtime.rb:17:in `call'
  activesupport (3.2.13) lib/active_support/cache/strategy/local_cache.rb:72:in `call'
  rack (1.4.5) lib/rack/lock.rb:15:in `call'
  actionpack (3.2.13) lib/action_dispatch/middleware/static.rb:63:in `call'
  railties (3.2.13) lib/rails/engine.rb:479:in `call'
  railties (3.2.13) lib/rails/application.rb:223:in `call'
  rack (1.4.5) lib/rack/content_length.rb:14:in `call'
  railties (3.2.13) lib/rails/rack/log_tailer.rb:17:in `call'
  rack (1.4.5) lib/rack/handler/webrick.rb:59:in `service'
  /home/minxr/.rvm/rubies/ruby-1.9.3-p392/lib/ruby/1.9.1/webrick/httpserver.rb:138:in `service'
  /home/minxr/.rvm/rubies/ruby-1.9.3-p392/lib/ruby/1.9.1/webrick/httpserver.rb:94:in `run'
  /home/minxr/.rvm/rubies/ruby-1.9.3-p392/lib/ruby/1.9.1/webrick/server.rb:191:in `block in start_thread'


  Rendered /home/minxr/.rvm/gems/ruby-1.9.3-p392/gems/actionpack-3.2.13/lib/action_dispatch/middleware/templates/rescues/routing_error.erb within rescues/layout (14.7ms)


Started GET "/products/1/who_bought.atom" for 127.0.0.1 at 2013-06-08 12:41:18 +0800

ActionController::RoutingError (No route matches [GET] "/products/1/who_bought.atom"):
  actionpack (3.2.13) lib/action_dispatch/middleware/debug_exceptions.rb:21:in `call'
  actionpack (3.2.13) lib/action_dispatch/middleware/show_exceptions.rb:56:in `call'
  railties (3.2.13) lib/rails/rack/logger.rb:32:in `call_app'
  railties (3.2.13) lib/rails/rack/logger.rb:16:in `block in call'
  activesupport (3.2.13) lib/active_support/tagged_logging.rb:22:in `tagged'
  railties (3.2.13) lib/rails/rack/logger.rb:16:in `call'
  actionpack (3.2.13) lib/action_dispatch/middleware/request_id.rb:22:in `call'
  rack (1.4.5) lib/rack/methodoverride.rb:21:in `call'
  rack (1.4.5) lib/rack/runtime.rb:17:in `call'
  activesupport (3.2.13) lib/active_support/cache/strategy/local_cache.rb:72:in `call'
  rack (1.4.5) lib/rack/lock.rb:15:in `call'
  actionpack (3.2.13) lib/action_dispatch/middleware/static.rb:63:in `call'
  railties (3.2.13) lib/rails/engine.rb:479:in `call'
  railties (3.2.13) lib/rails/application.rb:223:in `call'
  rack (1.4.5) lib/rack/content_length.rb:14:in `call'
  railties (3.2.13) lib/rails/rack/log_tailer.rb:17:in `call'
  rack (1.4.5) lib/rack/handler/webrick.rb:59:in `service'
  /home/minxr/.rvm/rubies/ruby-1.9.3-p392/lib/ruby/1.9.1/webrick/httpserver.rb:138:in `service'
  /home/minxr/.rvm/rubies/ruby-1.9.3-p392/lib/ruby/1.9.1/webrick/httpserver.rb:94:in `run'
  /home/minxr/.rvm/rubies/ruby-1.9.3-p392/lib/ruby/1.9.1/webrick/server.rb:191:in `block in start_thread'


  Rendered /home/minxr/.rvm/gems/ruby-1.9.3-p392/gems/actionpack-3.2.13/lib/action_dispatch/middleware/templates/rescues/routing_error.erb within rescues/layout (0.7ms)
Connecting to database specified by database.yml
Connecting to database specified by database.yml


Started GET "/assets/rails.png" for 127.0.0.1 at 2013-06-08 13:25:49 +0800
Served asset /rails.png - 304 Not Modified (75ms)


Started GET "/assets/rails.png" for 127.0.0.1 at 2013-06-08 13:25:51 +0800
Served asset /rails.png - 304 Not Modified (0ms)


Started GET "/assets/rails.png" for 127.0.0.1 at 2013-06-08 13:25:52 +0800
Served asset /rails.png - 304 Not Modified (0ms)


Started GET "/assets/rails.png" for 127.0.0.1 at 2013-06-08 13:25:53 +0800
Served asset /rails.png - 304 Not Modified (0ms)


Started GET "/usrs" for 127.0.0.1 at 2013-06-08 13:25:56 +0800

ActionController::RoutingError (No route matches [GET] "/usrs"):
  actionpack (3.2.13) lib/action_dispatch/middleware/debug_exceptions.rb:21:in `call'
  actionpack (3.2.13) lib/action_dispatch/middleware/show_exceptions.rb:56:in `call'
  railties (3.2.13) lib/rails/rack/logger.rb:32:in `call_app'
  railties (3.2.13) lib/rails/rack/logger.rb:16:in `block in call'
  activesupport (3.2.13) lib/active_support/tagged_logging.rb:22:in `tagged'
  railties (3.2.13) lib/rails/rack/logger.rb:16:in `call'
  actionpack (3.2.13) lib/action_dispatch/middleware/request_id.rb:22:in `call'
  rack (1.4.5) lib/rack/methodoverride.rb:21:in `call'
  rack (1.4.5) lib/rack/runtime.rb:17:in `call'
  activesupport (3.2.13) lib/active_support/cache/strategy/local_cache.rb:72:in `call'
  rack (1.4.5) lib/rack/lock.rb:15:in `call'
  actionpack (3.2.13) lib/action_dispatch/middleware/static.rb:63:in `call'
  railties (3.2.13) lib/rails/engine.rb:479:in `call'
  railties (3.2.13) lib/rails/application.rb:223:in `call'
  rack (1.4.5) lib/rack/content_length.rb:14:in `call'
  railties (3.2.13) lib/rails/rack/log_tailer.rb:17:in `call'
  rack (1.4.5) lib/rack/handler/webrick.rb:59:in `service'
  /home/minxr/.rvm/rubies/ruby-1.9.3-p392/lib/ruby/1.9.1/webrick/httpserver.rb:138:in `service'
  /home/minxr/.rvm/rubies/ruby-1.9.3-p392/lib/ruby/1.9.1/webrick/httpserver.rb:94:in `run'
  /home/minxr/.rvm/rubies/ruby-1.9.3-p392/lib/ruby/1.9.1/webrick/server.rb:191:in `block in start_thread'


  Rendered /home/minxr/.rvm/gems/ruby-1.9.3-p392/gems/actionpack-3.2.13/lib/action_dispatch/middleware/templates/rescues/routing_error.erb within rescues/layout (16.7ms)


Started GET "/users" for 127.0.0.1 at 2013-06-08 13:26:01 +0800
Processing by UsersController#index as HTML
  [1m[36mUser Load (10.6ms)[0m  [1mSELECT `users`.* FROM `users` [0m
  Rendered users/index.html.erb within layouts/application (1.0ms)
Completed 200 OK in 1293ms (Views: 1043.4ms | ActiveRecord: 174.2ms)


Started GET "/assets/extjs4/resources/css/ext-all.css?body=1" for 127.0.0.1 at 2013-06-08 13:26:03 +0800
Served asset /extjs4/resources/css/ext-all.css - 304 Not Modified (2ms)


Started GET "/assets/extjs4/ext-all-debug.js?body=1" for 127.0.0.1 at 2013-06-08 13:26:03 +0800
Served asset /extjs4/ext-all-debug.js - 304 Not Modified (33ms)


Started GET "/assets/app.js?body=1" for 127.0.0.1 at 2013-06-08 13:26:03 +0800
Served asset /app.js - 304 Not Modified (1ms)


Started GET "/assets/application.js?body=1" for 127.0.0.1 at 2013-06-08 13:26:03 +0800
Served asset /application.js - 200 OK (28ms)


Started GET "/assets/extjs4/resources/themes/images/default/form/exclamation.gif" for 127.0.0.1 at 2013-06-08 13:26:04 +0800
Served asset /extjs4/resources/themes/images/default/form/exclamation.gif - 304 Not Modified (98ms)


Started GET "/assets/extjs4/resources/themes/images/default/tools/tool-sprites.gif" for 127.0.0.1 at 2013-06-08 13:26:04 +0800
Served asset /extjs4/resources/themes/images/default/tools/tool-sprites.gif - 304 Not Modified (61ms)


Started GET "/assets/extjs4/resources/themes/images/default/form/text-bg.gif" for 127.0.0.1 at 2013-06-08 13:26:04 +0800
Served asset /extjs4/resources/themes/images/default/form/text-bg.gif - 304 Not Modified (61ms)
Connecting to database specified by database.yml
Connecting to database specified by database.yml


Started GET "/users" for 127.0.0.1 at 2013-06-08 13:45:15 +0800
Processing by UsersController#index as HTML
  [1m[36mUser Load (19.7ms)[0m  [1mSELECT `users`.* FROM `users` [0m
  Rendered users/index.html.erb within layouts/application (5.3ms)
Compiled extjs4/bootstrap.js  (0ms)  (pid 22977)
Compiled application.js  (44ms)  (pid 22977)
Completed 200 OK in 715ms (Views: 538.7ms | ActiveRecord: 119.3ms)


Started GET "/assets/extjs4/bootstrap.js?body=1" for 127.0.0.1 at 2013-06-08 13:45:16 +0800
Served asset /extjs4/bootstrap.js - 200 OK (1ms)


Started GET "/assets/extjs4/resources/css/ext-all.css?body=1" for 127.0.0.1 at 2013-06-08 13:45:16 +0800
Served asset /extjs4/resources/css/ext-all.css - 304 Not Modified (19ms)


Started GET "/assets/application.css?body=1" for 127.0.0.1 at 2013-06-08 13:45:16 +0800
Served asset /application.css - 200 OK (3ms)


Started GET "/assets/app.js?body=1" for 127.0.0.1 at 2013-06-08 13:45:16 +0800
Served asset /app.js - 304 Not Modified (1ms)


Started GET "/assets/application.js?body=1" for 127.0.0.1 at 2013-06-08 13:45:16 +0800
Served asset /application.js - 304 Not Modified (2ms)


Started GET "/undefinedext-all-dev.js" for 127.0.0.1 at 2013-06-08 13:45:16 +0800

ActionController::RoutingError (No route matches [GET] "/undefinedext-all-dev.js"):
  actionpack (3.2.13) lib/action_dispatch/middleware/debug_exceptions.rb:21:in `call'
  actionpack (3.2.13) lib/action_dispatch/middleware/show_exceptions.rb:56:in `call'
  railties (3.2.13) lib/rails/rack/logger.rb:32:in `call_app'
  railties (3.2.13) lib/rails/rack/logger.rb:16:in `block in call'
  activesupport (3.2.13) lib/active_support/tagged_logging.rb:22:in `tagged'
  railties (3.2.13) lib/rails/rack/logger.rb:16:in `call'
  actionpack (3.2.13) lib/action_dispatch/middleware/request_id.rb:22:in `call'
  rack (1.4.5) lib/rack/methodoverride.rb:21:in `call'
  rack (1.4.5) lib/rack/runtime.rb:17:in `call'
  activesupport (3.2.13) lib/active_support/cache/strategy/local_cache.rb:72:in `call'
  rack (1.4.5) lib/rack/lock.rb:15:in `call'
  actionpack (3.2.13) lib/action_dispatch/middleware/static.rb:63:in `call'
  railties (3.2.13) lib/rails/engine.rb:479:in `call'
  railties (3.2.13) lib/rails/application.rb:223:in `call'
  rack (1.4.5) lib/rack/content_length.rb:14:in `call'
  railties (3.2.13) lib/rails/rack/log_tailer.rb:17:in `call'
  rack (1.4.5) lib/rack/handler/webrick.rb:59:in `service'
  /home/minxr/.rvm/rubies/ruby-1.9.3-p392/lib/ruby/1.9.1/webrick/httpserver.rb:138:in `service'
  /home/minxr/.rvm/rubies/ruby-1.9.3-p392/lib/ruby/1.9.1/webrick/httpserver.rb:94:in `run'
  /home/minxr/.rvm/rubies/ruby-1.9.3-p392/lib/ruby/1.9.1/webrick/server.rb:191:in `block in start_thread'


  Rendered /home/minxr/.rvm/gems/ruby-1.9.3-p392/gems/actionpack-3.2.13/lib/action_dispatch/middleware/templates/rescues/routing_error.erb within rescues/layout (0.7ms)


Started GET "/users" for 127.0.0.1 at 2013-06-08 13:46:12 +0800
Processing by UsersController#index as HTML
  [1m[35mUser Load (0.2ms)[0m  SELECT `users`.* FROM `users` 
  Rendered users/index.html.erb within layouts/application (0.3ms)
Completed 200 OK in 4ms (Views: 3.3ms | ActiveRecord: 0.2ms)


Started GET "/assets/extjs4/resources/css/ext-all.css?body=1" for 127.0.0.1 at 2013-06-08 13:46:12 +0800
Served asset /extjs4/resources/css/ext-all.css - 304 Not Modified (0ms)


Started GET "/assets/extjs4/bootstrap.js?body=1" for 127.0.0.1 at 2013-06-08 13:46:12 +0800
Served asset /extjs4/bootstrap.js - 304 Not Modified (0ms)


Started GET "/assets/application.css?body=1" for 127.0.0.1 at 2013-06-08 13:46:12 +0800
Served asset /application.css - 304 Not Modified (0ms)


Started GET "/assets/app.js?body=1" for 127.0.0.1 at 2013-06-08 13:46:12 +0800
Served asset /app.js - 304 Not Modified (0ms)


Started GET "/assets/application.js?body=1" for 127.0.0.1 at 2013-06-08 13:46:12 +0800
Served asset /application.js - 304 Not Modified (0ms)


Started GET "/undefinedext-all-dev.js" for 127.0.0.1 at 2013-06-08 13:46:12 +0800

ActionController::RoutingError (No route matches [GET] "/undefinedext-all-dev.js"):
  actionpack (3.2.13) lib/action_dispatch/middleware/debug_exceptions.rb:21:in `call'
  actionpack (3.2.13) lib/action_dispatch/middleware/show_exceptions.rb:56:in `call'
  railties (3.2.13) lib/rails/rack/logger.rb:32:in `call_app'
  railties (3.2.13) lib/rails/rack/logger.rb:16:in `block in call'
  activesupport (3.2.13) lib/active_support/tagged_logging.rb:22:in `tagged'
  railties (3.2.13) lib/rails/rack/logger.rb:16:in `call'
  actionpack (3.2.13) lib/action_dispatch/middleware/request_id.rb:22:in `call'
  rack (1.4.5) lib/rack/methodoverride.rb:21:in `call'
  rack (1.4.5) lib/rack/runtime.rb:17:in `call'
  activesupport (3.2.13) lib/active_support/cache/strategy/local_cache.rb:72:in `call'
  rack (1.4.5) lib/rack/lock.rb:15:in `call'
  actionpack (3.2.13) lib/action_dispatch/middleware/static.rb:63:in `call'
  railties (3.2.13) lib/rails/engine.rb:479:in `call'
  railties (3.2.13) lib/rails/application.rb:223:in `call'
  rack (1.4.5) lib/rack/content_length.rb:14:in `call'
  railties (3.2.13) lib/rails/rack/log_tailer.rb:17:in `call'
  rack (1.4.5) lib/rack/handler/webrick.rb:59:in `service'
  /home/minxr/.rvm/rubies/ruby-1.9.3-p392/lib/ruby/1.9.1/webrick/httpserver.rb:138:in `service'
  /home/minxr/.rvm/rubies/ruby-1.9.3-p392/lib/ruby/1.9.1/webrick/httpserver.rb:94:in `run'
  /home/minxr/.rvm/rubies/ruby-1.9.3-p392/lib/ruby/1.9.1/webrick/server.rb:191:in `block in start_thread'


  Rendered /home/minxr/.rvm/gems/ruby-1.9.3-p392/gems/actionpack-3.2.13/lib/action_dispatch/middleware/templates/rescues/routing_error.erb within rescues/layout (0.6ms)


Started GET "/assets/extjs4/bootstrap.js?body=1" for 127.0.0.1 at 2013-06-08 13:46:18 +0800
Served asset /extjs4/bootstrap.js - 304 Not Modified (0ms)


Started GET "/users" for 127.0.0.1 at 2013-06-08 13:48:00 +0800
Processing by UsersController#index as HTML
  [1m[36mUser Load (0.4ms)[0m  [1mSELECT `users`.* FROM `users` [0m
  Rendered users/index.html.erb within layouts/application (0.6ms)
Compiled application.js  (19ms)  (pid 22977)
Completed 200 OK in 78ms (Views: 76.3ms | ActiveRecord: 0.4ms)


Started GET "/users" for 127.0.0.1 at 2013-06-08 13:48:02 +0800
Processing by UsersController#index as HTML
  [1m[35mUser Load (0.2ms)[0m  SELECT `users`.* FROM `users` 
  Rendered users/index.html.erb within layouts/application (0.3ms)
Completed 200 OK in 5ms (Views: 4.3ms | ActiveRecord: 0.2ms)


Started GET "/assets/extjs4/resources/css/ext-all.css?body=1" for 127.0.0.1 at 2013-06-08 13:48:02 +0800
Served asset /extjs4/resources/css/ext-all.css - 304 Not Modified (0ms)


Started GET "/assets/application.css?body=1" for 127.0.0.1 at 2013-06-08 13:48:02 +0800
Served asset /application.css - 304 Not Modified (7ms)


Started GET "/assets/extjs4/ext-all-debug.js?body=1" for 127.0.0.1 at 2013-06-08 13:48:02 +0800
Served asset /extjs4/ext-all-debug.js - 304 Not Modified (22ms)


Started GET "/assets/app.js?body=1" for 127.0.0.1 at 2013-06-08 13:48:02 +0800
Served asset /app.js - 304 Not Modified (0ms)


Started GET "/assets/application.js?body=1" for 127.0.0.1 at 2013-06-08 13:48:02 +0800
Served asset /application.js - 304 Not Modified (20ms)


Started GET "/assets/extjs4/resources/themes/images/default/form/exclamation.gif" for 127.0.0.1 at 2013-06-08 13:48:03 +0800
Served asset /extjs4/resources/themes/images/default/form/exclamation.gif - 304 Not Modified (30ms)


Started GET "/assets/extjs4/resources/themes/images/default/tools/tool-sprites.gif" for 127.0.0.1 at 2013-06-08 13:48:03 +0800
Served asset /extjs4/resources/themes/images/default/tools/tool-sprites.gif - 304 Not Modified (30ms)


Started GET "/assets/extjs4/resources/themes/images/default/form/text-bg.gif" for 127.0.0.1 at 2013-06-08 13:48:03 +0800
Served asset /extjs4/resources/themes/images/default/form/text-bg.gif - 304 Not Modified (24ms)


Started GET "/users" for 127.0.0.1 at 2013-06-08 13:48:07 +0800
Processing by UsersController#index as HTML
  [1m[36mUser Load (0.4ms)[0m  [1mSELECT `users`.* FROM `users` [0m
  Rendered users/index.html.erb within layouts/application (0.3ms)
Completed 200 OK in 5ms (Views: 3.4ms | ActiveRecord: 0.4ms)


Started GET "/assets/extjs4/resources/css/ext-all.css?body=1" for 127.0.0.1 at 2013-06-08 13:48:07 +0800
Served asset /extjs4/resources/css/ext-all.css - 304 Not Modified (0ms)


Started GET "/assets/application.css?body=1" for 127.0.0.1 at 2013-06-08 13:48:07 +0800
Served asset /application.css - 304 Not Modified (1ms)


Started GET "/assets/extjs4/ext-all-debug.js?body=1" for 127.0.0.1 at 2013-06-08 13:48:07 +0800
Served asset /extjs4/ext-all-debug.js - 304 Not Modified (0ms)


Started GET "/assets/app.js?body=1" for 127.0.0.1 at 2013-06-08 13:48:07 +0800
Served asset /app.js - 304 Not Modified (0ms)


Started GET "/assets/application.js?body=1" for 127.0.0.1 at 2013-06-08 13:48:07 +0800
Served asset /application.js - 304 Not Modified (0ms)
